Unity Editor version:    2020.3.27f1 (e759542391ea)
Branch:                  2020.3/release
Build type:              Release
Batch mode:              YES
macOS version:           Version 11.6.8 (Build 20G730)
Darwin version:          20.6.0
Architecture:            x86_64
Running under Rosetta:   NO
Available memory:        16384 MB
Using pre-set license
Pro License: NO

COMMAND LINE ARGUMENTS:
/Applications/2020.3.27f1/Unity.app/Contents/MacOS/Unity
-adb2
-batchMode
-noUpm
-name
AssetImportWorker0
-projectPath
/Users/game3/Backup
-logFile
Logs/AssetImportWorker0.log
-srvPort
61666
Successfully changed project path to: /Users/game3/Backup
Could not lock editor preferences. Preferences updates for this instance of Unity will not be saved./Users/game3/Backup
Using Asset Import Pipeline V2.
Refreshing native plugins compatible for Editor in 56.73 ms, found 3 plugins.
Preloading 0 native plugins for Editor in 0.00 ms.
Initialize engine version: 2020.3.27f1 (e759542391ea)
[Subsystems] Discovering subsystems at path /Applications/2020.3.27f1/Unity.app/Contents/Resources/UnitySubsystems
[Subsystems] Discovering subsystems at path /Users/game3/Backup/Assets
GfxDevice: creating device client; threaded=0
2024-04-19 12:22:17.694 Unity[28142:27984760] iMac preferred device: AMD Radeon Pro 5500 XT (high power)
2024-04-19 12:22:17.694 Unity[28142:27984760] Metal devices available: 1
2024-04-19 12:22:17.694 Unity[28142:27984760] 0: AMD Radeon Pro 5500 XT (high power)
2024-04-19 12:22:17.694 Unity[28142:27984760] Using device AMD Radeon Pro 5500 XT (high power)
Initializing Metal device caps: AMD Radeon Pro 5500 XT
Initialize mono
Mono path[0] = '/Applications/2020.3.27f1/Unity.app/Contents/Managed'
Mono path[1] = '/Applications/2020.3.27f1/Unity.app/Contents/MonoBleedingEdge/lib/mono/unityjit'
Mono config path = '/Applications/2020.3.27f1/Unity.app/Contents/MonoBleedingEdge/etc'
Using monoOptions --debugger-agent=transport=dt_socket,embedding=1,server=y,suspend=n,address=127.0.0.1:56142
Begin MonoManager ReloadAssembly
Registering precompiled unity dll's ...
Register platform support module: /Applications/2020.3.27f1/Unity.app/Contents/PlaybackEngines/MacStandaloneSupport/UnityEditor.OSXStandalone.Extensions.dll
Registered in 0.000439 seconds.
Native extension for OSXStandalone target not found
Refreshing native plugins compatible for Editor in 46.44 ms, found 3 plugins.
Preloading 0 native plugins for Editor in 0.00 ms.
Mono: successfully reloaded assembly
- Completed reload, in  0.541 seconds
Domain Reload Profiling:
	ReloadAssembly (542ms)
		BeginReloadAssembly (37ms)
			ExecutionOrderSort (0ms)
			DisableScriptedObjects (0ms)
			BackupInstance (0ms)
			ReleaseScriptingObjects (0ms)
			CreateAndSetChildDomain (1ms)
		EndReloadAssembly (440ms)
			LoadAssemblies (36ms)
			RebuildTransferFunctionScriptingTraits (0ms)
			SetupTypeCache (162ms)
			ReleaseScriptCaches (0ms)
			RebuildScriptCaches (31ms)
			SetupLoadedEditorAssemblies (174ms)
				LogAssemblyErrors (0ms)
				InitializePlatformSupportModulesInManaged (4ms)
				SetLoadedEditorAssemblies (0ms)
				RefreshPlugins (46ms)
				BeforeProcessingInitializeOnLoad (7ms)
				ProcessInitializeOnLoadAttributes (90ms)
				ProcessInitializeOnLoadMethodAttributes (27ms)
				AfterProcessingInitializeOnLoad (0ms)
				EditorAssembliesLoaded (0ms)
			ExecutionOrderSort2 (0ms)
			AwakeInstancesAfterBackupRestoration (0ms)
Platform modules already initialized, skipping
Registering precompiled user dll's ...
Registered in 0.002994 seconds.
Begin MonoManager ReloadAssembly
Native extension for OSXStandalone target not found
Refreshing native plugins compatible for Editor in 46.39 ms, found 3 plugins.
Preloading 0 native plugins for Editor in 0.00 ms.
Mono: successfully reloaded assembly
- Completed reload, in  1.612 seconds
Domain Reload Profiling:
	ReloadAssembly (1613ms)
		BeginReloadAssembly (131ms)
			ExecutionOrderSort (0ms)
			DisableScriptedObjects (4ms)
			BackupInstance (0ms)
			ReleaseScriptingObjects (0ms)
			CreateAndSetChildDomain (25ms)
		EndReloadAssembly (1428ms)
			LoadAssemblies (70ms)
			RebuildTransferFunctionScriptingTraits (0ms)
			SetupTypeCache (347ms)
			ReleaseScriptCaches (0ms)
			RebuildScriptCaches (56ms)
			SetupLoadedEditorAssemblies (846ms)
				LogAssemblyErrors (0ms)
				InitializePlatformSupportModulesInManaged (3ms)
				SetLoadedEditorAssemblies (0ms)
				RefreshPlugins (46ms)
				BeforeProcessingInitializeOnLoad (56ms)
				ProcessInitializeOnLoadAttributes (732ms)
				ProcessInitializeOnLoadMethodAttributes (8ms)
				AfterProcessingInitializeOnLoad (1ms)
				EditorAssembliesLoaded (0ms)
			ExecutionOrderSort2 (0ms)
			AwakeInstancesAfterBackupRestoration (6ms)
Platform modules already initialized, skipping
Validating Project structure ... 0.011609 seconds.
Shader import version has changed; will reimport all shaders...
Upgrading shader files ...0.019559 seconds.
Application.AssetDatabase Initial Script Refresh Start
RefreshInfo: InitialScriptRefreshV2(NoUpdateAssetOptions) scanfilter:  ... 1 filters
RefreshProfiler: Total: 0.000ms
Application.AssetDatabase Initial Script Refresh End
Application.AssetDatabase.Refresh Start
Application.AssetDatabase.Refresh End
RefreshInfo: StopAssetImportingV2(ForceSynchronousImport) scanfilter: 
RefreshProfiler: Total: 0.000ms
Launching external process: /Applications/2020.3.27f1/Unity.app/Contents/Tools/UnityShaderCompiler
Launched and connected shader compiler UnityShaderCompiler after 0.01 seconds
Initializing Unity extensions:
========================================================================
Worker process is ready to serve import requests
Refreshing native plugins compatible for Editor in 0.54 ms, found 3 plugins.
Preloading 0 native plugins for Editor in 0.00 ms.
Unloading 2889 Unused Serialized files (Serialized files now loaded: 0)
System memory in use before: 297.0 MB.
System memory in use after: 274.1 MB.

Unloading 290 unused Assets to reduce memory usage. Loaded Objects now: 3279.
Total: 7.417405 ms (FindLiveObjects: 0.212427 ms CreateObjectMapping: 0.130455 ms MarkObjects: 2.227523 ms  DeleteObjects: 4.846282 ms)

AssetImportParameters requested are different than current active one (requested -> active):
  custom:video-decoder-ogg-theora: a1e56fd34408186e4bbccfd4996cb3dc -> 
  custom:container-muxer-webm: aa71ff27fc2769a1b78a27578f13a17b -> 
  custom:container-demuxer-webm: 4f35f7cbe854078d1ac9338744f61a02 -> 
  custom:container-demuxer-ogg: 62fdf1f143b41e24485cea50d1cbac27 -> 
  custom:video-encoder-webm-vp8: eb34c28f22e8b96e1ab97ce403110664 -> 
  custom:framework-osx-AVFoundation: e770b220cccbd017edd2c1fefb359320 -> 
  custom:video-decoder-webm-vp8: 9c59270c3fd7afecdb556c50c9e8de78 -> 
  custom:audio-decoder-ogg-vorbis: bf7c407c2cedff20999df2af8eb42d56 -> 
  custom:audio-encoder-webm-vorbis: bf7c407c2cedff20999df2af8eb42d56 -> 
========================================================================
Received Import Request.
  path: Assets/Karting/Scenes/IntroMenu.unity
  artifactKey: Guid(d29260d8d84c94bd7ac95807b3da99d4) Importer(815301076,1909f56bfc062723c751e8b465ee728b)
Start importing Assets/Karting/Scenes/IntroMenu.unity using Guid(d29260d8d84c94bd7ac95807b3da99d4) Importer(815301076,1909f56bfc062723c751e8b465ee728b)  -> (artifact id: 'd875751d48ec3769927a48b7b9ff0b48') in 0.009388 seconds 
  Import took 0.013211 seconds .

========================================================================
Received Import Request.
  Time since last request: 133.707159 seconds.
  path: Assets/Karting/Scenes/GameplayGyms
  artifactKey: Guid(2c8256804c75f476db31bab73f4e734f) Importer(815301076,1909f56bfc062723c751e8b465ee728b)
Start importing Assets/Karting/Scenes/GameplayGyms using Guid(2c8256804c75f476db31bab73f4e734f) Importer(815301076,1909f56bfc062723c751e8b465ee728b)  -> (artifact id: '0f43d27c1ca6a2b57cc5ccaee0035c1c') in 0.001146 seconds 
  Import took 0.004799 seconds .

========================================================================
Received Import Request.
  Time since last request: 1.577142 seconds.
  path: Assets/Karting/Scenes/GameplayGyms/PhysicsPlayground.unity
  artifactKey: Guid(7559b0c7ad9b04f409f7ca0694bf4ebb) Importer(815301076,1909f56bfc062723c751e8b465ee728b)
Start importing Assets/Karting/Scenes/GameplayGyms/PhysicsPlayground.unity using Guid(7559b0c7ad9b04f409f7ca0694bf4ebb) Importer(815301076,1909f56bfc062723c751e8b465ee728b)  -> (artifact id: '7d688b70a0f89a8471281921a107fb2c') in 0.001484 seconds 
  Import took 0.005720 seconds .

========================================================================
Received Import Request.
  Time since last request: 5.177823 seconds.
  path: Assets/Karting/Scenes/GameplayGyms/PhysicsPlayground/LightingData.asset
  artifactKey: Guid(8dc38dd3882d4174b952581d3e784de0) Importer(815301076,1909f56bfc062723c751e8b465ee728b)
Start importing Assets/Karting/Scenes/GameplayGyms/PhysicsPlayground/LightingData.asset using Guid(8dc38dd3882d4174b952581d3e784de0) Importer(815301076,1909f56bfc062723c751e8b465ee728b)  -> (artifact id: 'a6e5edce75c9658501bde8bbd38017d3') in 0.849504 seconds 
  Import took 0.855631 seconds .

========================================================================
Received Import Request.
  Time since last request: 0.000202 seconds.
  path: Assets/Karting/Scenes/GameplayGyms/PhysicsPlayground/ReflectionProbe-0.exr
  artifactKey: Guid(f752d7a3ef951a8479b5eb2b2666eed7) Importer(815301076,1909f56bfc062723c751e8b465ee728b)
Start importing Assets/Karting/Scenes/GameplayGyms/PhysicsPlayground/ReflectionProbe-0.exr using Guid(f752d7a3ef951a8479b5eb2b2666eed7) Importer(815301076,1909f56bfc062723c751e8b465ee728b)  -> (artifact id: '8a9eed6821847290af0d78e7efa12042') in 0.833940 seconds 
  Import took 0.840357 seconds .

========================================================================
Received Import Request.
  Time since last request: 1.565323 seconds.
  path: Assets/Karting/Scenes/MLTraining/KartClassic_Training.unity
  artifactKey: Guid(4cd7f6ff2b746f24c87800ae8e1b28e9) Importer(815301076,1909f56bfc062723c751e8b465ee728b)
Start importing Assets/Karting/Scenes/MLTraining/KartClassic_Training.unity using Guid(4cd7f6ff2b746f24c87800ae8e1b28e9) Importer(815301076,1909f56bfc062723c751e8b465ee728b)  -> (artifact id: '51e725814da21a630e174d8e16758a7b') in 0.001351 seconds 
  Import took 0.005384 seconds .

========================================================================
Received Import Request.
  Time since last request: 1.370621 seconds.
  path: Assets/Karting/Scenes/MLTraining/KartClassic_TrainingDemo.unity
  artifactKey: Guid(070d4c0e5ff8bf049a18ae57f752abf6) Importer(815301076,1909f56bfc062723c751e8b465ee728b)
Start importing Assets/Karting/Scenes/MLTraining/KartClassic_TrainingDemo.unity using Guid(070d4c0e5ff8bf049a18ae57f752abf6) Importer(815301076,1909f56bfc062723c751e8b465ee728b)  -> (artifact id: 'e778a79e82c5d92547fc1c2430a9f503') in 0.001441 seconds 
  Import took 0.005620 seconds .

========================================================================
Received Import Request.
  Time since last request: 19.107193 seconds.
  path: Assets/Karting/Scenes/IntroMenu.unity
  artifactKey: Guid(d29260d8d84c94bd7ac95807b3da99d4) Importer(815301076,1909f56bfc062723c751e8b465ee728b)
Start importing Assets/Karting/Scenes/IntroMenu.unity using Guid(d29260d8d84c94bd7ac95807b3da99d4) Importer(815301076,1909f56bfc062723c751e8b465ee728b)  -> (artifact id: '9f41601ec2e57c1cc7f3e4208ccc9377') in 0.002175 seconds 
  Import took 0.006003 seconds .

========================================================================
Received Prepare
Registering precompiled user dll's ...
Registered in 0.002822 seconds.
Begin MonoManager ReloadAssembly
Native extension for OSXStandalone target not found
Refreshing native plugins compatible for Editor in 0.57 ms, found 3 plugins.
Preloading 0 native plugins for Editor in 0.00 ms.
Mono: successfully reloaded assembly
- Completed reload, in  1.103 seconds
Domain Reload Profiling:
	ReloadAssembly (1103ms)
		BeginReloadAssembly (120ms)
			ExecutionOrderSort (0ms)
			DisableScriptedObjects (3ms)
			BackupInstance (0ms)
			ReleaseScriptingObjects (0ms)
			CreateAndSetChildDomain (61ms)
		EndReloadAssembly (929ms)
			LoadAssemblies (68ms)
			RebuildTransferFunctionScriptingTraits (0ms)
			SetupTypeCache (330ms)
			ReleaseScriptCaches (1ms)
			RebuildScriptCaches (44ms)
			SetupLoadedEditorAssemblies (369ms)
				LogAssemblyErrors (0ms)
				InitializePlatformSupportModulesInManaged (4ms)
				SetLoadedEditorAssemblies (0ms)
				RefreshPlugins (1ms)
				BeforeProcessingInitializeOnLoad (99ms)
				ProcessInitializeOnLoadAttributes (258ms)
				ProcessInitializeOnLoadMethodAttributes (7ms)
				AfterProcessingInitializeOnLoad (1ms)
				EditorAssembliesLoaded (0ms)
			ExecutionOrderSort2 (0ms)
			AwakeInstancesAfterBackupRestoration (6ms)
Platform modules already initialized, skipping
Refreshing native plugins compatible for Editor in 0.56 ms, found 3 plugins.
Preloading 0 native plugins for Editor in 0.00 ms.
Unloading 2852 Unused Serialized files (Serialized files now loaded: 0)
System memory in use before: 279.3 MB.
System memory in use after: 275.2 MB.

Unloading 85 unused Assets to reduce memory usage. Loaded Objects now: 3325.
Total: 4.385257 ms (FindLiveObjects: 0.182238 ms CreateObjectMapping: 0.108624 ms MarkObjects: 2.397876 ms  DeleteObjects: 1.695879 ms)

AssetImportParameters requested are different than current active one (requested -> active):
  custom:video-decoder-ogg-theora: a1e56fd34408186e4bbccfd4996cb3dc -> 
  custom:container-muxer-webm: aa71ff27fc2769a1b78a27578f13a17b -> 
  custom:container-demuxer-webm: 4f35f7cbe854078d1ac9338744f61a02 -> 
  custom:container-demuxer-ogg: 62fdf1f143b41e24485cea50d1cbac27 -> 
  custom:video-encoder-webm-vp8: eb34c28f22e8b96e1ab97ce403110664 -> 
  custom:framework-osx-AVFoundation: e770b220cccbd017edd2c1fefb359320 -> 
  custom:video-decoder-webm-vp8: 9c59270c3fd7afecdb556c50c9e8de78 -> 
  custom:audio-decoder-ogg-vorbis: bf7c407c2cedff20999df2af8eb42d56 -> 
  custom:audio-encoder-webm-vorbis: bf7c407c2cedff20999df2af8eb42d56 -> 
AssetImportWorkerClient::OnTransportError - code=2 error=End of file
