Unity Editor version:    2020.3.27f1 (e759542391ea)
Branch:                  2020.3/release
Build type:              Release
Batch mode:              YES
macOS version:           Version 11.6.8 (Build 20G730)
Darwin version:          20.6.0
Architecture:            x86_64
Running under Rosetta:   NO
Available memory:        16384 MB
Using pre-set license
Pro License: NO

COMMAND LINE ARGUMENTS:
/Applications/2020.3.27f1/Unity.app/Contents/MacOS/Unity
-adb2
-batchMode
-noUpm
-name
AssetImportWorker0
-projectPath
/Users/game3/Backup
-logFile
Logs/AssetImportWorker0.log
-srvPort
57840
Successfully changed project path to: /Users/game3/Backup
Could not lock editor preferences. Preferences updates for this instance of Unity will not be saved./Users/game3/Backup
Using Asset Import Pipeline V2.
Refreshing native plugins compatible for Editor in 52.19 ms, found 3 plugins.
Preloading 0 native plugins for Editor in 0.00 ms.
Initialize engine version: 2020.3.27f1 (e759542391ea)
[Subsystems] Discovering subsystems at path /Applications/2020.3.27f1/Unity.app/Contents/Resources/UnitySubsystems
[Subsystems] Discovering subsystems at path /Users/game3/Backup/Assets
GfxDevice: creating device client; threaded=0
2024-04-08 12:23:56.911 Unity[87589:5077852] iMac preferred device: AMD Radeon Pro 5500 XT (high power)
2024-04-08 12:23:56.911 Unity[87589:5077852] Metal devices available: 1
2024-04-08 12:23:56.911 Unity[87589:5077852] 0: AMD Radeon Pro 5500 XT (high power)
2024-04-08 12:23:56.911 Unity[87589:5077852] Using device AMD Radeon Pro 5500 XT (high power)
Initializing Metal device caps: AMD Radeon Pro 5500 XT
Initialize mono
Mono path[0] = '/Applications/2020.3.27f1/Unity.app/Contents/Managed'
Mono path[1] = '/Applications/2020.3.27f1/Unity.app/Contents/MonoBleedingEdge/lib/mono/unityjit'
Mono config path = '/Applications/2020.3.27f1/Unity.app/Contents/MonoBleedingEdge/etc'
Using monoOptions --debugger-agent=transport=dt_socket,embedding=1,server=y,suspend=n,address=127.0.0.1:56589
Begin MonoManager ReloadAssembly
Registering precompiled unity dll's ...
Register platform support module: /Applications/2020.3.27f1/Unity.app/Contents/PlaybackEngines/MacStandaloneSupport/UnityEditor.OSXStandalone.Extensions.dll
Registered in 0.000461 seconds.
Native extension for OSXStandalone target not found
Refreshing native plugins compatible for Editor in 45.37 ms, found 3 plugins.
Preloading 0 native plugins for Editor in 0.00 ms.
Mono: successfully reloaded assembly
- Completed reload, in  0.523 seconds
Domain Reload Profiling:
	ReloadAssembly (523ms)
		BeginReloadAssembly (36ms)
			ExecutionOrderSort (0ms)
			DisableScriptedObjects (0ms)
			BackupInstance (0ms)
			ReleaseScriptingObjects (0ms)
			CreateAndSetChildDomain (1ms)
		EndReloadAssembly (424ms)
			LoadAssemblies (35ms)
			RebuildTransferFunctionScriptingTraits (0ms)
			SetupTypeCache (156ms)
			ReleaseScriptCaches (0ms)
			RebuildScriptCaches (31ms)
			SetupLoadedEditorAssemblies (166ms)
				LogAssemblyErrors (0ms)
				InitializePlatformSupportModulesInManaged (4ms)
				SetLoadedEditorAssemblies (0ms)
				RefreshPlugins (45ms)
				BeforeProcessingInitializeOnLoad (6ms)
				ProcessInitializeOnLoadAttributes (86ms)
				ProcessInitializeOnLoadMethodAttributes (24ms)
				AfterProcessingInitializeOnLoad (0ms)
				EditorAssembliesLoaded (0ms)
			ExecutionOrderSort2 (0ms)
			AwakeInstancesAfterBackupRestoration (0ms)
Platform modules already initialized, skipping
Registering precompiled user dll's ...
Registered in 0.003361 seconds.
Begin MonoManager ReloadAssembly
Native extension for OSXStandalone target not found
Refreshing native plugins compatible for Editor in 47.08 ms, found 3 plugins.
Preloading 0 native plugins for Editor in 0.00 ms.
Mono: successfully reloaded assembly
- Completed reload, in  1.601 seconds
Domain Reload Profiling:
	ReloadAssembly (1602ms)
		BeginReloadAssembly (131ms)
			ExecutionOrderSort (0ms)
			DisableScriptedObjects (4ms)
			BackupInstance (0ms)
			ReleaseScriptingObjects (0ms)
			CreateAndSetChildDomain (25ms)
		EndReloadAssembly (1417ms)
			LoadAssemblies (69ms)
			RebuildTransferFunctionScriptingTraits (0ms)
			SetupTypeCache (336ms)
			ReleaseScriptCaches (0ms)
			RebuildScriptCaches (53ms)
			SetupLoadedEditorAssemblies (853ms)
				LogAssemblyErrors (0ms)
				InitializePlatformSupportModulesInManaged (22ms)
				SetLoadedEditorAssemblies (0ms)
				RefreshPlugins (58ms)
				BeforeProcessingInitializeOnLoad (56ms)
				ProcessInitializeOnLoadAttributes (707ms)
				ProcessInitializeOnLoadMethodAttributes (8ms)
				AfterProcessingInitializeOnLoad (1ms)
				EditorAssembliesLoaded (0ms)
			ExecutionOrderSort2 (0ms)
			AwakeInstancesAfterBackupRestoration (6ms)
Platform modules already initialized, skipping
Validating Project structure ... 0.006645 seconds.
Shader import version has changed; will reimport all shaders...
Upgrading shader files ...0.014477 seconds.
Application.AssetDatabase Initial Script Refresh Start
RefreshInfo: InitialScriptRefreshV2(NoUpdateAssetOptions) scanfilter:  ... 1 filters
RefreshProfiler: Total: 0.000ms
Application.AssetDatabase Initial Script Refresh End
Application.AssetDatabase.Refresh Start
Application.AssetDatabase.Refresh End
RefreshInfo: StopAssetImportingV2(ForceSynchronousImport) scanfilter: 
RefreshProfiler: Total: 0.000ms
Launching external process: /Applications/2020.3.27f1/Unity.app/Contents/Tools/UnityShaderCompiler
Launched and connected shader compiler UnityShaderCompiler after 0.01 seconds
Initializing Unity extensions:
========================================================================
Worker process is ready to serve import requests
Refreshing native plugins compatible for Editor in 0.42 ms, found 3 plugins.
Preloading 0 native plugins for Editor in 0.00 ms.
Unloading 2889 Unused Serialized files (Serialized files now loaded: 0)
System memory in use before: 296.9 MB.
System memory in use after: 276.5 MB.

Unloading 290 unused Assets to reduce memory usage. Loaded Objects now: 3278.
Total: 6.488224 ms (FindLiveObjects: 0.184860 ms CreateObjectMapping: 0.103316 ms MarkObjects: 2.127060 ms  DeleteObjects: 4.072363 ms)

AssetImportParameters requested are different than current active one (requested -> active):
  custom:video-decoder-ogg-theora: a1e56fd34408186e4bbccfd4996cb3dc -> 
  custom:container-muxer-webm: aa71ff27fc2769a1b78a27578f13a17b -> 
  custom:container-demuxer-webm: 4f35f7cbe854078d1ac9338744f61a02 -> 
  custom:container-demuxer-ogg: 62fdf1f143b41e24485cea50d1cbac27 -> 
  custom:video-encoder-webm-vp8: eb34c28f22e8b96e1ab97ce403110664 -> 
  custom:framework-osx-AVFoundation: e770b220cccbd017edd2c1fefb359320 -> 
  custom:video-decoder-webm-vp8: 9c59270c3fd7afecdb556c50c9e8de78 -> 
  custom:audio-decoder-ogg-vorbis: bf7c407c2cedff20999df2af8eb42d56 -> 
  custom:audio-encoder-webm-vorbis: bf7c407c2cedff20999df2af8eb42d56 -> 
========================================================================
Received Import Request.
  path: Assets/Karting/Scripts
  artifactKey: Guid(be811868f362849ba9f53bd143281996) Importer(815301076,1909f56bfc062723c751e8b465ee728b)
Start importing Assets/Karting/Scripts using Guid(be811868f362849ba9f53bd143281996) Importer(815301076,1909f56bfc062723c751e8b465ee728b)  -> (artifact id: 'f961dc700b3dc737467549deaef5655a') in 0.003577 seconds 
  Import took 0.006851 seconds .

========================================================================
Received Import Request.
  Time since last request: 0.000234 seconds.
  path: Assets/Karting/Scripts/KartGame.asmdef
  artifactKey: Guid(a54b96d5ddd2c488aadb7e2cb0921b9b) Importer(815301076,1909f56bfc062723c751e8b465ee728b)
Start importing Assets/Karting/Scripts/KartGame.asmdef using Guid(a54b96d5ddd2c488aadb7e2cb0921b9b) Importer(815301076,1909f56bfc062723c751e8b465ee728b)  -> (artifact id: '9e680e3bf9c4b1483fa486fb36a246a7') in 0.541990 seconds 
  Import took 0.546999 seconds .

========================================================================
Received Import Request.
  Time since last request: 1.682275 seconds.
  path: Assets/Karting/Scripts/Track
  artifactKey: Guid(9cbebfbc87f7af44eb71a816684dd0f4) Importer(815301076,1909f56bfc062723c751e8b465ee728b)
Start importing Assets/Karting/Scripts/Track using Guid(9cbebfbc87f7af44eb71a816684dd0f4) Importer(815301076,1909f56bfc062723c751e8b465ee728b)  -> (artifact id: '32f559f8f6328a7c0d7a08ac4dcd5be9') in 0.001001 seconds 
  Import took 0.004406 seconds .

========================================================================
Received Import Request.
  Time since last request: 386.650944 seconds.
  path: Assets/Karting/PhysicsMaterials/ArcadeKartBody.physicMaterial
  artifactKey: Guid(d95b5e49839d84ee191c3c6961b60124) Importer(815301076,1909f56bfc062723c751e8b465ee728b)
Start importing Assets/Karting/PhysicsMaterials/ArcadeKartBody.physicMaterial using Guid(d95b5e49839d84ee191c3c6961b60124) Importer(815301076,1909f56bfc062723c751e8b465ee728b)  -> (artifact id: 'bfc3620b9d0701b67e50d01205063c9a') in 0.229489 seconds 
  Import took 0.234693 seconds .

========================================================================
Received Import Request.
  Time since last request: 0.000163 seconds.
  path: Assets/Karting/PhysicsMaterials/CrashObjectFriction.physicMaterial
  artifactKey: Guid(0fcb759f3ea86e14395360c51926825c) Importer(815301076,1909f56bfc062723c751e8b465ee728b)
Start importing Assets/Karting/PhysicsMaterials/CrashObjectFriction.physicMaterial using Guid(0fcb759f3ea86e14395360c51926825c) Importer(815301076,1909f56bfc062723c751e8b465ee728b)  -> (artifact id: '667706bebf34300b8ef67fe24c079254') in 0.001695 seconds 
  Import took 0.004987 seconds .

========================================================================
Received Import Request.
  Time since last request: 0.000146 seconds.
  path: Assets/Karting/PhysicsMaterials/NoFriction.physicMaterial
  artifactKey: Guid(a46ba4e273ba0684f90f4acc0fdf44d5) Importer(815301076,1909f56bfc062723c751e8b465ee728b)
Start importing Assets/Karting/PhysicsMaterials/NoFriction.physicMaterial using Guid(a46ba4e273ba0684f90f4acc0fdf44d5) Importer(815301076,1909f56bfc062723c751e8b465ee728b)  -> (artifact id: '80c771f8aff5ec8b242cc322a1390a6d') in 0.001643 seconds 
  Import took 0.004725 seconds .

========================================================================
Received Import Request.
  Time since last request: 0.000127 seconds.
  path: Assets/Karting/PhysicsMaterials/CarWheels.physicMaterial
  artifactKey: Guid(83f0e1b2590734b80bda8c5dcda941da) Importer(815301076,1909f56bfc062723c751e8b465ee728b)
Start importing Assets/Karting/PhysicsMaterials/CarWheels.physicMaterial using Guid(83f0e1b2590734b80bda8c5dcda941da) Importer(815301076,1909f56bfc062723c751e8b465ee728b)  -> (artifact id: '9a4635b3e771402b5dca3a2fa837eccf') in 0.001578 seconds 
  Import took 0.004482 seconds .

========================================================================
Received Import Request.
  Time since last request: 0.000135 seconds.
  path: Assets/Karting/PhysicsMaterials/KartFriction.physicMaterial
  artifactKey: Guid(9b882955b142f084cbe20df1d8604b5f) Importer(815301076,1909f56bfc062723c751e8b465ee728b)
Start importing Assets/Karting/PhysicsMaterials/KartFriction.physicMaterial using Guid(9b882955b142f084cbe20df1d8604b5f) Importer(815301076,1909f56bfc062723c751e8b465ee728b)  -> (artifact id: '1035e6ffd656ae6a18a625d0297a4b67') in 0.001763 seconds 
  Import took 0.005094 seconds .

========================================================================
Received Import Request.
  Time since last request: 0.000131 seconds.
  path: Assets/Karting/PhysicsMaterials/KartFrictionV2.physicMaterial
  artifactKey: Guid(563cf269950b97f4ea88dc91eaf1889d) Importer(815301076,1909f56bfc062723c751e8b465ee728b)
Start importing Assets/Karting/PhysicsMaterials/KartFrictionV2.physicMaterial using Guid(563cf269950b97f4ea88dc91eaf1889d) Importer(815301076,1909f56bfc062723c751e8b465ee728b)  -> (artifact id: 'df892ce7ebd6e0cb689fd6f359340252') in 0.001485 seconds 
  Import took 0.004266 seconds .

========================================================================
Received Import Request.
  Time since last request: 0.000141 seconds.
  path: Assets/Karting/PhysicsMaterials/RampFriction.physicMaterial
  artifactKey: Guid(5c8f7b1a953cc3c47ac059ea6d07282a) Importer(815301076,1909f56bfc062723c751e8b465ee728b)
Start importing Assets/Karting/PhysicsMaterials/RampFriction.physicMaterial using Guid(5c8f7b1a953cc3c47ac059ea6d07282a) Importer(815301076,1909f56bfc062723c751e8b465ee728b)  -> (artifact id: 'f0ea43b5a5879f1f83346e3272caa411') in 0.001513 seconds 
  Import took 0.004301 seconds .

========================================================================
Received Import Request.
  Time since last request: 1.770791 seconds.
  path: Assets/Karting/Audio/CollisionWalls.wav
  artifactKey: Guid(09f715e4d9c95e848945e7702f9bab46) Importer(815301076,1909f56bfc062723c751e8b465ee728b)
Start importing Assets/Karting/Audio/CollisionWalls.wav using Guid(09f715e4d9c95e848945e7702f9bab46) Importer(815301076,1909f56bfc062723c751e8b465ee728b)  -> (artifact id: '586fe1d631de3eac76ff675c57f21bc1') in 0.863265 seconds 
  Import took 0.869795 seconds .

========================================================================
Received Import Request.
  Time since last request: 0.000139 seconds.
  path: Assets/Karting/Audio/StartSound02.wav
  artifactKey: Guid(30a284806deffbb4691f78109d0b617b) Importer(815301076,1909f56bfc062723c751e8b465ee728b)
Start importing Assets/Karting/Audio/StartSound02.wav using Guid(30a284806deffbb4691f78109d0b617b) Importer(815301076,1909f56bfc062723c751e8b465ee728b)  -> (artifact id: '684b6fc0c45f85af85379dbcb4a73a1d') in 0.007661 seconds 
  Import took 0.011054 seconds .

========================================================================
Received Import Request.
  Time since last request: 0.000139 seconds.
  path: Assets/Karting/Audio/Music.mp3
  artifactKey: Guid(1939f7149c0fae14a891ac314cb2e8f3) Importer(815301076,1909f56bfc062723c751e8b465ee728b)
Start importing Assets/Karting/Audio/Music.mp3 using Guid(1939f7149c0fae14a891ac314cb2e8f3) Importer(815301076,1909f56bfc062723c751e8b465ee728b)  -> (artifact id: '61c8acfab789983dacecc666bd1ea170') in 0.796124 seconds 
  Import took 0.802210 seconds .

========================================================================
Received Import Request.
  Time since last request: 0.000165 seconds.
  path: Assets/Karting/Audio/Tire_Screeching.wav
  artifactKey: Guid(e92cf848e62569a45b1f8cc697211084) Importer(815301076,1909f56bfc062723c751e8b465ee728b)
Start importing Assets/Karting/Audio/Tire_Screeching.wav using Guid(e92cf848e62569a45b1f8cc697211084) Importer(815301076,1909f56bfc062723c751e8b465ee728b)  -> (artifact id: 'bf52c9ec07d85a7ee2acae304fd9d15c') in 0.006991 seconds 
  Import took 0.011649 seconds .

========================================================================
Received Import Request.
  Time since last request: 0.000146 seconds.
  path: Assets/Karting/Audio/EngineA1.wav
  artifactKey: Guid(dd46253c3a6b6439bbceb25ba2d5665e) Importer(815301076,1909f56bfc062723c751e8b465ee728b)
Start importing Assets/Karting/Audio/EngineA1.wav using Guid(dd46253c3a6b6439bbceb25ba2d5665e) Importer(815301076,1909f56bfc062723c751e8b465ee728b)  -> (artifact id: 'df933b422a9cf214292882aaecc85713') in 0.007777 seconds 
  Import took 0.010999 seconds .

========================================================================
Received Import Request.
  Time since last request: 0.000131 seconds.
  path: Assets/Karting/Audio/EngineA4.wav
  artifactKey: Guid(3d7dea0b41109438aa3242fa6ce220a7) Importer(815301076,1909f56bfc062723c751e8b465ee728b)
Start importing Assets/Karting/Audio/EngineA4.wav using Guid(3d7dea0b41109438aa3242fa6ce220a7) Importer(815301076,1909f56bfc062723c751e8b465ee728b)  -> (artifact id: 'b47be7bfffe5beaa4fff27bc235cda10') in 0.008047 seconds 
  Import took 0.011324 seconds .

========================================================================
Received Import Request.
  Time since last request: 0.000133 seconds.
  path: Assets/Karting/Audio/engine-rev.ogg
  artifactKey: Guid(7eb03bd77be2345cd94afa59ba4cec74) Importer(815301076,1909f56bfc062723c751e8b465ee728b)
Start importing Assets/Karting/Audio/engine-rev.ogg using Guid(7eb03bd77be2345cd94afa59ba4cec74) Importer(815301076,1909f56bfc062723c751e8b465ee728b)  -> (artifact id: 'ad431f7ca6f8b327cc4814ad2467b25f') in 0.265774 seconds 
  Import took 0.271668 seconds .

========================================================================
Received Import Request.
  Time since last request: 0.000134 seconds.
  path: Assets/Karting/Audio/engine-idle.ogg
  artifactKey: Guid(f17f8fff3c3fe468fb2aa48c723044aa) Importer(815301076,1909f56bfc062723c751e8b465ee728b)
Start importing Assets/Karting/Audio/engine-idle.ogg using Guid(f17f8fff3c3fe468fb2aa48c723044aa) Importer(815301076,1909f56bfc062723c751e8b465ee728b)  -> (artifact id: 'd7b0a6edbda12a224cd669a19f67bf5f') in 0.011693 seconds 
  Import took 0.015122 seconds .

========================================================================
Received Import Request.
  Time since last request: 0.000140 seconds.
  path: Assets/Karting/Audio/EngineA3.wav
  artifactKey: Guid(c3af91df4ca764fd9b9f2e778e7e555a) Importer(815301076,1909f56bfc062723c751e8b465ee728b)
Start importing Assets/Karting/Audio/EngineA3.wav using Guid(c3af91df4ca764fd9b9f2e778e7e555a) Importer(815301076,1909f56bfc062723c751e8b465ee728b)  -> (artifact id: '525b6fdddbbf3ac5b8be228ccd568684') in 0.008760 seconds 
  Import took 0.012119 seconds .

========================================================================
Received Import Request.
  Time since last request: 0.000133 seconds.
  path: Assets/Karting/Audio/engine-running.ogg
  artifactKey: Guid(819e4330b56d74b398255782be41515f) Importer(815301076,1909f56bfc062723c751e8b465ee728b)
Start importing Assets/Karting/Audio/engine-running.ogg using Guid(819e4330b56d74b398255782be41515f) Importer(815301076,1909f56bfc062723c751e8b465ee728b)  -> (artifact id: '34f48f32d950259d90f3f5f32d3f0265') in 0.007089 seconds 
  Import took 0.010544 seconds .

========================================================================
Received Import Request.
  Time since last request: 0.000141 seconds.
  path: Assets/Karting/Audio/MainAudioMixer.mixer
  artifactKey: Guid(fcc71635aab95ff4fbdf1880bf2afa2f) Importer(815301076,1909f56bfc062723c751e8b465ee728b)
Start importing Assets/Karting/Audio/MainAudioMixer.mixer using Guid(fcc71635aab95ff4fbdf1880bf2afa2f) Importer(815301076,1909f56bfc062723c751e8b465ee728b)  -> (artifact id: 'eebade196fe3505748de0c8f77593ff9') in 0.117875 seconds 
  Import took 0.122789 seconds .

========================================================================
Received Import Request.
  Time since last request: 0.000136 seconds.
  path: Assets/Karting/Audio/EngineA2.wav
  artifactKey: Guid(2ad022136d1b64c57910b8dcd17576ef) Importer(815301076,1909f56bfc062723c751e8b465ee728b)
Start importing Assets/Karting/Audio/EngineA2.wav using Guid(2ad022136d1b64c57910b8dcd17576ef) Importer(815301076,1909f56bfc062723c751e8b465ee728b)  -> (artifact id: 'dca71c8afefe5f6242aa00dd83caf9e2') in 0.006392 seconds 
  Import took 0.010024 seconds .

========================================================================
Received Import Request.
  Time since last request: 0.000132 seconds.
  path: Assets/Karting/Audio/engine_start.ogg
  artifactKey: Guid(fc58125bd5e1d457c86a087d8ee30621) Importer(815301076,1909f56bfc062723c751e8b465ee728b)
Start importing Assets/Karting/Audio/engine_start.ogg using Guid(fc58125bd5e1d457c86a087d8ee30621) Importer(815301076,1909f56bfc062723c751e8b465ee728b)  -> (artifact id: 'b7ee80f7fe68f0aa08b0189076e01b79') in 0.005988 seconds 
  Import took 0.009340 seconds .

========================================================================
Received Import Request.
  Time since last request: 0.000138 seconds.
  path: Assets/Karting/Audio/StartSound01.wav
  artifactKey: Guid(a935550c6172c6548b1bc8de6e56618a) Importer(815301076,1909f56bfc062723c751e8b465ee728b)
Start importing Assets/Karting/Audio/StartSound01.wav using Guid(a935550c6172c6548b1bc8de6e56618a) Importer(815301076,1909f56bfc062723c751e8b465ee728b)  -> (artifact id: '39104e053dc8323d811058cd4f5bf10a') in 0.006467 seconds 
  Import took 0.009997 seconds .

========================================================================
Received Import Request.
  Time since last request: 0.153417 seconds.
  path: Assets/Karting/ScriptableObjects/GameMessageGeneric.asset
  artifactKey: Guid(4f09a4fe2b79f494cb4b65e27102ddd2) Importer(815301076,1909f56bfc062723c751e8b465ee728b)
Start importing Assets/Karting/ScriptableObjects/GameMessageGeneric.asset using Guid(4f09a4fe2b79f494cb4b65e27102ddd2) Importer(815301076,1909f56bfc062723c751e8b465ee728b)  -> (artifact id: '91b75a112eb6b4c4b1c84bf20e8dcd0e') in 0.148483 seconds 
  Import took 0.153701 seconds .

========================================================================
Received Import Request.
  Time since last request: 0.000138 seconds.
  path: Assets/Karting/ScriptableObjects/ObjectiveToastSecondary.asset
  artifactKey: Guid(d8b9f915b44d44383b11beec3038475a) Importer(815301076,1909f56bfc062723c751e8b465ee728b)
Start importing Assets/Karting/ScriptableObjects/ObjectiveToastSecondary.asset using Guid(d8b9f915b44d44383b11beec3038475a) Importer(815301076,1909f56bfc062723c751e8b465ee728b)  -> (artifact id: '6692a15c8684227666b95419a6448150') in 0.011044 seconds 
  Import took 0.014879 seconds .

========================================================================
Received Import Request.
  Time since last request: 0.000212 seconds.
  path: Assets/Karting/ScriptableObjects/NotificationPrefab.asset
  artifactKey: Guid(0d982485d3a954f87b928edc95b7f622) Importer(815301076,1909f56bfc062723c751e8b465ee728b)
Start importing Assets/Karting/ScriptableObjects/NotificationPrefab.asset using Guid(0d982485d3a954f87b928edc95b7f622) Importer(815301076,1909f56bfc062723c751e8b465ee728b)  -> (artifact id: '04616baa671ffa2d9351ce44c7c8f218') in 0.008779 seconds 
  Import took 0.013887 seconds .

========================================================================
Received Import Request.
  Time since last request: 0.000261 seconds.
  path: Assets/Karting/ScriptableObjects/WinGameMessage.asset
  artifactKey: Guid(ea52713838edf4cab911e165322b4a1c) Importer(815301076,1909f56bfc062723c751e8b465ee728b)
Start importing Assets/Karting/ScriptableObjects/WinGameMessage.asset using Guid(ea52713838edf4cab911e165322b4a1c) Importer(815301076,1909f56bfc062723c751e8b465ee728b)  -> (artifact id: 'fc5a380ebef0a3ac4e6a8ba77cddb931') in 0.003667 seconds 
  Import took 0.008503 seconds .

========================================================================
Received Import Request.
  Time since last request: 0.000182 seconds.
  path: Assets/Karting/ScriptableObjects/ObjectiveToastPrimary.asset
  artifactKey: Guid(7c1a71b285bc6430aa9606f40ed33a7a) Importer(815301076,1909f56bfc062723c751e8b465ee728b)
Start importing Assets/Karting/ScriptableObjects/ObjectiveToastPrimary.asset using Guid(7c1a71b285bc6430aa9606f40ed33a7a) Importer(815301076,1909f56bfc062723c751e8b465ee728b)  -> (artifact id: 'fa35d0029d618db8c3ce665deea2e524') in 0.007206 seconds 
  Import took 0.012326 seconds .

========================================================================
Received Import Request.
  Time since last request: 0.000173 seconds.
  path: Assets/Karting/ScriptableObjects/TimeDisplayItem.asset
  artifactKey: Guid(662878078edcd354991f5fbb8c48cb2e) Importer(815301076,1909f56bfc062723c751e8b465ee728b)
Start importing Assets/Karting/ScriptableObjects/TimeDisplayItem.asset using Guid(662878078edcd354991f5fbb8c48cb2e) Importer(815301076,1909f56bfc062723c751e8b465ee728b)  -> (artifact id: '4c89bcd319ead38d098df96457c02515') in 0.006935 seconds 
  Import took 0.010738 seconds .

========================================================================
Received Import Request.
  Time since last request: 2.680719 seconds.
  path: Assets/Karting/Scripts/Editor/KartGame.Editor.asmdef
  artifactKey: Guid(3375b28e911dd774b90823231fc97a69) Importer(815301076,1909f56bfc062723c751e8b465ee728b)
Start importing Assets/Karting/Scripts/Editor/KartGame.Editor.asmdef using Guid(3375b28e911dd774b90823231fc97a69) Importer(815301076,1909f56bfc062723c751e8b465ee728b)  -> (artifact id: '1cb7c954ef9d3d1efa6ce133fa94dd3d') in 0.002806 seconds 
  Import took 0.006503 seconds .

========================================================================
Received Import Request.
  Time since last request: 4.513176 seconds.
  path: Assets/Karting/Scripts/AI/KartGame.AI.asmdef
  artifactKey: Guid(c3aefbb81b4ef42e58aa75666617a7b2) Importer(815301076,1909f56bfc062723c751e8b465ee728b)
Start importing Assets/Karting/Scripts/AI/KartGame.AI.asmdef using Guid(c3aefbb81b4ef42e58aa75666617a7b2) Importer(815301076,1909f56bfc062723c751e8b465ee728b)  -> (artifact id: '7442c9b89fae7681382265245c09719d') in 0.002713 seconds 
  Import took 0.006267 seconds .

========================================================================
Received Import Request.
  Time since last request: 6.885311 seconds.
  path: Assets/Karting/Scripts/InGameMenuManager.cs
  artifactKey: Guid(18998fe37a74de64d861e190ab499e45) Importer(815301076,1909f56bfc062723c751e8b465ee728b)
Start importing Assets/Karting/Scripts/InGameMenuManager.cs using Guid(18998fe37a74de64d861e190ab499e45) Importer(815301076,1909f56bfc062723c751e8b465ee728b)  -> (artifact id: '83c3a9f3fcfb91eae95b11a927ff9262') in 0.245815 seconds 
  Import took 0.251784 seconds .

========================================================================
Received Import Request.
  Time since last request: 10.224550 seconds.
  path: Assets/Karting/Scripts/TakeScreenshot.cs
  artifactKey: Guid(91538b0281dc4aa4fbe5784a7e562751) Importer(815301076,1909f56bfc062723c751e8b465ee728b)
Start importing Assets/Karting/Scripts/TakeScreenshot.cs using Guid(91538b0281dc4aa4fbe5784a7e562751) Importer(815301076,1909f56bfc062723c751e8b465ee728b)  -> (artifact id: 'f34836db96b9c94a7511897db7e18f67') in 0.001399 seconds 
  Import took 0.004798 seconds .

========================================================================
Received Import Request.
  Time since last request: 3.241512 seconds.
  path: Assets/Karting/Scripts/TimeManager.cs
  artifactKey: Guid(11e1aacfd20ce4720bfc83f4e4f6d5e0) Importer(815301076,1909f56bfc062723c751e8b465ee728b)
Start importing Assets/Karting/Scripts/TimeManager.cs using Guid(11e1aacfd20ce4720bfc83f4e4f6d5e0) Importer(815301076,1909f56bfc062723c751e8b465ee728b)  -> (artifact id: '919dc184d4a9a9a84b5774c9cfa14aa3') in 0.001511 seconds 
  Import took 0.005074 seconds .

========================================================================
Received Import Request.
  Time since last request: 1.609984 seconds.
  path: Assets/Karting/Scripts/SimpleShaker.cs
  artifactKey: Guid(a3dcc76d9fc5548f79bd6a54d3b50fe3) Importer(815301076,1909f56bfc062723c751e8b465ee728b)
Start importing Assets/Karting/Scripts/SimpleShaker.cs using Guid(a3dcc76d9fc5548f79bd6a54d3b50fe3) Importer(815301076,1909f56bfc062723c751e8b465ee728b)  -> (artifact id: 'ca3153634e11ab6aa42d98430c2282ff') in 0.001479 seconds 
  Import took 0.004830 seconds .

========================================================================
Received Import Request.
  Time since last request: 2.860544 seconds.
  path: Assets/Karting/Scripts/PrefabReplacerOnInstance.cs
  artifactKey: Guid(66a57e166e75d154ab24c723fe6e96f2) Importer(815301076,1909f56bfc062723c751e8b465ee728b)
Start importing Assets/Karting/Scripts/PrefabReplacerOnInstance.cs using Guid(66a57e166e75d154ab24c723fe6e96f2) Importer(815301076,1909f56bfc062723c751e8b465ee728b)  -> (artifact id: 'ece3607e6fed7e1143675da1cf32ad39') in 0.001409 seconds 
  Import took 0.004747 seconds .

========================================================================
Received Import Request.
  Time since last request: 1.442783 seconds.
  path: Assets/Karting/Scripts/PrefabReplacer.cs
  artifactKey: Guid(55cca505d6267e94fbd3796f4f059ec8) Importer(815301076,1909f56bfc062723c751e8b465ee728b)
Start importing Assets/Karting/Scripts/PrefabReplacer.cs using Guid(55cca505d6267e94fbd3796f4f059ec8) Importer(815301076,1909f56bfc062723c751e8b465ee728b)  -> (artifact id: 'bf7e43f0b62cd098e537e7da065c40ff') in 0.001519 seconds 
  Import took 0.004993 seconds .

========================================================================
Received Import Request.
  Time since last request: 2.131363 seconds.
  path: Assets/Karting/Scripts/ObjectiveManager.cs
  artifactKey: Guid(5174b5e414847cf4a9dca6e207326c8d) Importer(815301076,1909f56bfc062723c751e8b465ee728b)
Start importing Assets/Karting/Scripts/ObjectiveManager.cs using Guid(5174b5e414847cf4a9dca6e207326c8d) Importer(815301076,1909f56bfc062723c751e8b465ee728b)  -> (artifact id: '25513c50873c58301babbcfeb2dc5ff4') in 0.001466 seconds 
  Import took 0.005983 seconds .

========================================================================
Received Import Request.
  Time since last request: 1.745146 seconds.
  path: Assets/Karting/Scripts/Objective.cs
  artifactKey: Guid(7535462baa2ed0d469f708cbe145b720) Importer(815301076,1909f56bfc062723c751e8b465ee728b)
Start importing Assets/Karting/Scripts/Objective.cs using Guid(7535462baa2ed0d469f708cbe145b720) Importer(815301076,1909f56bfc062723c751e8b465ee728b)  -> (artifact id: '73fc94920ddcf781ec25f46ba9031c35') in 0.001421 seconds 
  Import took 0.004711 seconds .

========================================================================
Received Import Request.
  Time since last request: 0.915677 seconds.
  path: Assets/Karting/Scripts/MinMaxParameters.cs
  artifactKey: Guid(9861723f7fe90784fa94a969e322fcd2) Importer(815301076,1909f56bfc062723c751e8b465ee728b)
Start importing Assets/Karting/Scripts/MinMaxParameters.cs using Guid(9861723f7fe90784fa94a969e322fcd2) Importer(815301076,1909f56bfc062723c751e8b465ee728b)  -> (artifact id: 'ee68a0b7e2abc2f313ae9105ff77976b') in 0.001516 seconds 
  Import took 0.005050 seconds .

========================================================================
Received Import Request.
  Time since last request: 0.762021 seconds.
  path: Assets/Karting/Scripts/ArcadeKartPowerup.cs
  artifactKey: Guid(3eb90679940aa4f70846b5eeaf547397) Importer(815301076,1909f56bfc062723c751e8b465ee728b)
Start importing Assets/Karting/Scripts/ArcadeKartPowerup.cs using Guid(3eb90679940aa4f70846b5eeaf547397) Importer(815301076,1909f56bfc062723c751e8b465ee728b)  -> (artifact id: '55362e02d1a84e8de93c4055022778ec') in 0.001430 seconds 
  Import took 0.004991 seconds .

========================================================================
Received Import Request.
  Time since last request: 1.539576 seconds.
  path: Assets/Karting/Scripts/AudioManager.cs
  artifactKey: Guid(1d54177cab788734b8ecb4674c6e5328) Importer(815301076,1909f56bfc062723c751e8b465ee728b)
Start importing Assets/Karting/Scripts/AudioManager.cs using Guid(1d54177cab788734b8ecb4674c6e5328) Importer(815301076,1909f56bfc062723c751e8b465ee728b)  -> (artifact id: '3b871e49a29914957372857c0ba120a4') in 0.001560 seconds 
  Import took 0.004979 seconds .

========================================================================
Received Import Request.
  Time since last request: 9.893342 seconds.
  path: Assets/Karting/Timelines/RaceStart.playable
  artifactKey: Guid(ef59465c823e959448bdf40fa6e69b5d) Importer(815301076,1909f56bfc062723c751e8b465ee728b)
Start importing Assets/Karting/Timelines/RaceStart.playable using Guid(ef59465c823e959448bdf40fa6e69b5d) Importer(815301076,1909f56bfc062723c751e8b465ee728b)  -> (artifact id: 'de740cc2f29ebffa0938926c9bd4dac3') in 0.127386 seconds 
  Import took 0.132905 seconds .

========================================================================
Received Import Request.
  Time since last request: 0.683797 seconds.
  path: Assets/Karting/Tutorials/DialogHeader_Kart.png
  artifactKey: Guid(128afd373c6f34f43bd58b7bd0815ec9) Importer(815301076,1909f56bfc062723c751e8b465ee728b)
Start importing Assets/Karting/Tutorials/DialogHeader_Kart.png using Guid(128afd373c6f34f43bd58b7bd0815ec9) Importer(815301076,1909f56bfc062723c751e8b465ee728b)  -> (artifact id: '963abb6c48080233573eddbc8ff9dc41') in 0.826982 seconds 
  Import took 0.833320 seconds .

========================================================================
Received Import Request.
  Time since last request: 0.000143 seconds.
  path: Assets/Karting/Tutorials/Unity.Karting.Tutorials.asmdef
  artifactKey: Guid(85246831d3410134ab2bd1cd1523830c) Importer(815301076,1909f56bfc062723c751e8b465ee728b)
Start importing Assets/Karting/Tutorials/Unity.Karting.Tutorials.asmdef using Guid(85246831d3410134ab2bd1cd1523830c) Importer(815301076,1909f56bfc062723c751e8b465ee728b)  -> (artifact id: 'd2d2d317729ca41fa60a24281e107f5b') in 0.001355 seconds 
  Import took 0.004397 seconds .

========================================================================
Received Import Request.
  Time since last request: 0.000127 seconds.
  path: Assets/Karting/Tutorials/Tutorials.asset
  artifactKey: Guid(08f5116c6f71aa548a00fbd1f56fa92e) Importer(815301076,1909f56bfc062723c751e8b465ee728b)
Start importing Assets/Karting/Tutorials/Tutorials.asset using Guid(08f5116c6f71aa548a00fbd1f56fa92e) Importer(815301076,1909f56bfc062723c751e8b465ee728b)  -> (artifact id: 'ed1c5a43c0f38cd493916f6bddb49fec') in 0.150259 seconds 
  Import took 0.154232 seconds .

========================================================================
Received Import Request.
  Time since last request: 0.000197 seconds.
  path: Assets/Karting/Tutorials/Tutorial Project Settings.asset
  artifactKey: Guid(7e7ff6d40365f43b282454f6d57a0ead) Importer(815301076,1909f56bfc062723c751e8b465ee728b)
Start importing Assets/Karting/Tutorials/Tutorial Project Settings.asset using Guid(7e7ff6d40365f43b282454f6d57a0ead) Importer(815301076,1909f56bfc062723c751e8b465ee728b)  -> (artifact id: 'c38b61304f3412e8210266e1929cbe48') in 0.120429 seconds 
  Import took 0.124394 seconds .

========================================================================
Received Import Request.
  Time since last request: 0.000152 seconds.
  path: Assets/Karting/Tutorials/TutorialCallbacks.asset
  artifactKey: Guid(8624a904984c90d4b9b816ca2b211db1) Importer(815301076,1909f56bfc062723c751e8b465ee728b)
Start importing Assets/Karting/Tutorials/TutorialCallbacks.asset using Guid(8624a904984c90d4b9b816ca2b211db1) Importer(815301076,1909f56bfc062723c751e8b465ee728b)  -> (artifact id: 'a97e305ddb9ed418d4ff1c0c9b19e05e') in 0.006248 seconds 
  Import took 0.010107 seconds .

========================================================================
Received Import Request.
  Time since last request: 0.000130 seconds.
  path: Assets/Karting/Tutorials/SuperchargeYourGame.png
  artifactKey: Guid(64234be53c8614d4d9b50bec3f9d516f) Importer(815301076,1909f56bfc062723c751e8b465ee728b)
Start importing Assets/Karting/Tutorials/SuperchargeYourGame.png using Guid(64234be53c8614d4d9b50bec3f9d516f) Importer(815301076,1909f56bfc062723c751e8b465ee728b)  -> (artifact id: '0615a0f511e2de4e4dbafb63eed449a5') in 0.006127 seconds 
  Import took 0.009273 seconds .

========================================================================
Received Import Request.
  Time since last request: 0.000130 seconds.
  path: Assets/Karting/Tutorials/WelcomeDialog.asset
  artifactKey: Guid(52f0f4a57417740ea92501a52d39a8ea) Importer(815301076,1909f56bfc062723c751e8b465ee728b)
Start importing Assets/Karting/Tutorials/WelcomeDialog.asset using Guid(52f0f4a57417740ea92501a52d39a8ea) Importer(815301076,1909f56bfc062723c751e8b465ee728b)  -> (artifact id: '36e39543b3117acae716ae8724b9e49a') in 0.002266 seconds 
  Import took 0.005512 seconds .

========================================================================
Received Import Request.
  Time since last request: 0.000124 seconds.
  path: Assets/Karting/Tutorials/TutorialHeader.png
  artifactKey: Guid(1c7aa536c503744ffafe54d893a5816b) Importer(815301076,1909f56bfc062723c751e8b465ee728b)
Start importing Assets/Karting/Tutorials/TutorialHeader.png using Guid(1c7aa536c503744ffafe54d893a5816b) Importer(815301076,1909f56bfc062723c751e8b465ee728b)  -> (artifact id: '08ece6b3734e388f19412c29ef8ef409') in 0.006432 seconds 
  Import took 0.009713 seconds .

========================================================================
Received Import Request.
  Time since last request: 6.259030 seconds.
  path: Assets/Mod Assets/3DProps
  artifactKey: Guid(b51a13b01eced4f61acf776dd58f9ef7) Importer(815301076,1909f56bfc062723c751e8b465ee728b)
Start importing Assets/Mod Assets/3DProps using Guid(b51a13b01eced4f61acf776dd58f9ef7) Importer(815301076,1909f56bfc062723c751e8b465ee728b)  -> (artifact id: '306dd830218889339e3e2f3e88e601a4') in 0.000999 seconds 
  Import took 0.004287 seconds .

========================================================================
Received Import Request.
  Time since last request: 1.332836 seconds.
  path: Assets/Mod Assets/3DProps/AncientProps
  artifactKey: Guid(d01cec72238b70b468f8effa63226ebf) Importer(815301076,1909f56bfc062723c751e8b465ee728b)
Start importing Assets/Mod Assets/3DProps/AncientProps using Guid(d01cec72238b70b468f8effa63226ebf) Importer(815301076,1909f56bfc062723c751e8b465ee728b)  -> (artifact id: 'a4adc02ca94e7b7393458a6b5a047f1d') in 0.000980 seconds 
  Import took 0.004454 seconds .

========================================================================
Received Import Request.
  Time since last request: 0.088961 seconds.
  path: Assets/Mod Assets/3DProps/AncientProps/Archway.fbx
  artifactKey: Guid(8845e58e723a048699e6cf81997a1af0) Importer(815301076,1909f56bfc062723c751e8b465ee728b)
Start importing Assets/Mod Assets/3DProps/AncientProps/Archway.fbx using Guid(8845e58e723a048699e6cf81997a1af0) Importer(815301076,1909f56bfc062723c751e8b465ee728b)  -> (artifact id: '6c80595976bd19605e8009b30e63d22b') in 0.284451 seconds 
  Import took 0.290275 seconds .

========================================================================
Received Import Request.
  Time since last request: 0.000161 seconds.
  path: Assets/Mod Assets/3DProps/AncientProps/Obelisk.fbx
  artifactKey: Guid(b5f62aa1f09e3403baa23022a5d9e4b1) Importer(815301076,1909f56bfc062723c751e8b465ee728b)
Start importing Assets/Mod Assets/3DProps/AncientProps/Obelisk.fbx using Guid(b5f62aa1f09e3403baa23022a5d9e4b1) Importer(815301076,1909f56bfc062723c751e8b465ee728b)  -> (artifact id: '8b900f676fcbb125af519a9ce828ba9b') in 0.017727 seconds 
  Import took 0.021461 seconds .

========================================================================
Received Import Request.
  Time since last request: 0.000162 seconds.
  path: Assets/Mod Assets/3DProps/AncientProps/Pillar.fbx
  artifactKey: Guid(44e1bc51d0853468d8baf487909db950) Importer(815301076,1909f56bfc062723c751e8b465ee728b)
Start importing Assets/Mod Assets/3DProps/AncientProps/Pillar.fbx using Guid(44e1bc51d0853468d8baf487909db950) Importer(815301076,1909f56bfc062723c751e8b465ee728b)  -> (artifact id: 'fa7fdff01fd350d9ac6ff57188825215') in 0.015850 seconds 
  Import took 0.019251 seconds .

========================================================================
Received Import Request.
  Time since last request: 0.000136 seconds.
  path: Assets/Mod Assets/3DProps/AncientProps/Pyramid.fbx
  artifactKey: Guid(855be228fb4e849aea507dabde98fbff) Importer(815301076,1909f56bfc062723c751e8b465ee728b)
Start importing Assets/Mod Assets/3DProps/AncientProps/Pyramid.fbx using Guid(855be228fb4e849aea507dabde98fbff) Importer(815301076,1909f56bfc062723c751e8b465ee728b)  -> (artifact id: 'a6f6a3684a31d0932927af1b64f75f6b') in 0.014886 seconds 
  Import took 0.018373 seconds .

========================================================================
Received Import Request.
  Time since last request: 0.000143 seconds.
  path: Assets/Mod Assets/3DProps/AncientProps/MoaiHead.fbx
  artifactKey: Guid(3ce0ea2030a24458eb9e3ec8fbae0a88) Importer(815301076,1909f56bfc062723c751e8b465ee728b)
Start importing Assets/Mod Assets/3DProps/AncientProps/MoaiHead.fbx using Guid(3ce0ea2030a24458eb9e3ec8fbae0a88) Importer(815301076,1909f56bfc062723c751e8b465ee728b)  -> (artifact id: '8871dc6ff9ca7e6dc393bf1215bf6355') in 0.016925 seconds 
  Import took 0.020461 seconds .

========================================================================
Received Import Request.
  Time since last request: 6.814547 seconds.
  path: Assets/Mod Assets/3DProps/SpaceProps
  artifactKey: Guid(510ffa4914065df4694023cbc922b37e) Importer(815301076,1909f56bfc062723c751e8b465ee728b)
Start importing Assets/Mod Assets/3DProps/SpaceProps using Guid(510ffa4914065df4694023cbc922b37e) Importer(815301076,1909f56bfc062723c751e8b465ee728b)  -> (artifact id: '51027ba5b6678dcf0c77a93286677b22') in 0.000975 seconds 
  Import took 0.004322 seconds .

========================================================================
Received Import Request.
  Time since last request: 0.108037 seconds.
  path: Assets/Mod Assets/3DProps/SpaceProps/Asteroid.fbx
  artifactKey: Guid(738cfb63efae84af7b2446470711e751) Importer(815301076,1909f56bfc062723c751e8b465ee728b)
Start importing Assets/Mod Assets/3DProps/SpaceProps/Asteroid.fbx using Guid(738cfb63efae84af7b2446470711e751) Importer(815301076,1909f56bfc062723c751e8b465ee728b)  -> (artifact id: 'e9999c666672f98b98c8efaee7b07ed0') in 0.016332 seconds 
  Import took 0.020553 seconds .

========================================================================
Received Import Request.
  Time since last request: 0.000139 seconds.
  path: Assets/Mod Assets/3DProps/SpaceProps/Rocket.fbx
  artifactKey: Guid(b698994a5dd674ee3997e51d3474a09f) Importer(815301076,1909f56bfc062723c751e8b465ee728b)
Start importing Assets/Mod Assets/3DProps/SpaceProps/Rocket.fbx using Guid(b698994a5dd674ee3997e51d3474a09f) Importer(815301076,1909f56bfc062723c751e8b465ee728b)  -> (artifact id: 'adf4e0bb3bb5e2da88d752589ac05bdf') in 0.024731 seconds 
  Import took 0.028168 seconds .

========================================================================
Received Import Request.
  Time since last request: 0.000140 seconds.
  path: Assets/Mod Assets/3DProps/SpaceProps/SatelliteDish.fbx
  artifactKey: Guid(1b5c4d63f30c047a6b5e593599a27c13) Importer(815301076,1909f56bfc062723c751e8b465ee728b)
Start importing Assets/Mod Assets/3DProps/SpaceProps/SatelliteDish.fbx using Guid(1b5c4d63f30c047a6b5e593599a27c13) Importer(815301076,1909f56bfc062723c751e8b465ee728b)  -> (artifact id: 'b39d4fad4d49ae16e024f7427f53d015') in 0.015324 seconds 
  Import took 0.018971 seconds .

========================================================================
Received Import Request.
  Time since last request: 0.000146 seconds.
  path: Assets/Mod Assets/3DProps/SpaceProps/Crystal.fbx
  artifactKey: Guid(6b2dfb46096eb400e8d5de95609e53b3) Importer(815301076,1909f56bfc062723c751e8b465ee728b)
Start importing Assets/Mod Assets/3DProps/SpaceProps/Crystal.fbx using Guid(6b2dfb46096eb400e8d5de95609e53b3) Importer(815301076,1909f56bfc062723c751e8b465ee728b)  -> (artifact id: '2d34d541c7ac9dfa50b55e5c7b598b74') in 0.017805 seconds 
  Import took 0.021225 seconds .

========================================================================
Received Import Request.
  Time since last request: 14.313487 seconds.
  path: Assets/Karting/Animations/KartFrontWheelsMask.mask
  artifactKey: Guid(0b4fa3eb165fa044c89f540d8b738a4f) Importer(815301076,1909f56bfc062723c751e8b465ee728b)
Start importing Assets/Karting/Animations/KartFrontWheelsMask.mask using Guid(0b4fa3eb165fa044c89f540d8b738a4f) Importer(815301076,1909f56bfc062723c751e8b465ee728b)  -> (artifact id: '37c362dc5789a5f48c8dd51ad2150e9e') in 0.118102 seconds 
  Import took 0.123611 seconds .

========================================================================
Received Import Request.
  Time since last request: 0.000150 seconds.
  path: Assets/Karting/Animations/KartIdle.FBX
  artifactKey: Guid(379c82acbb20c4747b42575fb9e5011e) Importer(815301076,1909f56bfc062723c751e8b465ee728b)
Start importing Assets/Karting/Animations/KartIdle.FBX using Guid(379c82acbb20c4747b42575fb9e5011e) Importer(815301076,1909f56bfc062723c751e8b465ee728b)  -> (artifact id: 'b2f17c3081ce03d8d9f3df6710aedaf8') in 0.136145 seconds 
  Import took 0.141126 seconds .

========================================================================
Received Prepare
Registering precompiled user dll's ...
Registered in 0.002788 seconds.
Begin MonoManager ReloadAssembly
Native extension for OSXStandalone target not found
Refreshing native plugins compatible for Editor in 0.57 ms, found 3 plugins.
Preloading 0 native plugins for Editor in 0.00 ms.
Mono: successfully reloaded assembly
- Completed reload, in  1.098 seconds
Domain Reload Profiling:
	ReloadAssembly (1098ms)
		BeginReloadAssembly (123ms)
			ExecutionOrderSort (0ms)
			DisableScriptedObjects (3ms)
			BackupInstance (0ms)
			ReleaseScriptingObjects (0ms)
			CreateAndSetChildDomain (65ms)
		EndReloadAssembly (923ms)
			LoadAssemblies (66ms)
			RebuildTransferFunctionScriptingTraits (0ms)
			SetupTypeCache (329ms)
			ReleaseScriptCaches (1ms)
			RebuildScriptCaches (44ms)
			SetupLoadedEditorAssemblies (366ms)
				LogAssemblyErrors (0ms)
				InitializePlatformSupportModulesInManaged (3ms)
				SetLoadedEditorAssemblies (0ms)
				RefreshPlugins (1ms)
				BeforeProcessingInitializeOnLoad (97ms)
				ProcessInitializeOnLoadAttributes (256ms)
				ProcessInitializeOnLoadMethodAttributes (7ms)
				AfterProcessingInitializeOnLoad (1ms)
				EditorAssembliesLoaded (0ms)
			ExecutionOrderSort2 (0ms)
			AwakeInstancesAfterBackupRestoration (5ms)
Platform modules already initialized, skipping
Refreshing native plugins compatible for Editor in 0.57 ms, found 3 plugins.
Preloading 0 native plugins for Editor in 0.00 ms.
Unloading 2852 Unused Serialized files (Serialized files now loaded: 0)
System memory in use before: 324.5 MB.
System memory in use after: 320.4 MB.

Unloading 86 unused Assets to reduce memory usage. Loaded Objects now: 3342.
Total: 4.250460 ms (FindLiveObjects: 0.189611 ms CreateObjectMapping: 0.111113 ms MarkObjects: 2.300538 ms  DeleteObjects: 1.648534 ms)

AssetImportParameters requested are different than current active one (requested -> active):
  custom:video-decoder-ogg-theora: a1e56fd34408186e4bbccfd4996cb3dc -> 
  custom:container-muxer-webm: aa71ff27fc2769a1b78a27578f13a17b -> 
  custom:container-demuxer-webm: 4f35f7cbe854078d1ac9338744f61a02 -> 
  custom:container-demuxer-ogg: 62fdf1f143b41e24485cea50d1cbac27 -> 
  custom:video-encoder-webm-vp8: eb34c28f22e8b96e1ab97ce403110664 -> 
  custom:framework-osx-AVFoundation: e770b220cccbd017edd2c1fefb359320 -> 
  custom:video-decoder-webm-vp8: 9c59270c3fd7afecdb556c50c9e8de78 -> 
  custom:audio-decoder-ogg-vorbis: bf7c407c2cedff20999df2af8eb42d56 -> 
  custom:audio-encoder-webm-vorbis: bf7c407c2cedff20999df2af8eb42d56 -> 
AssetImportWorkerClient::OnTransportError - code=2 error=End of file
